2017-02-10 09:54:13,614 INFO  [Log] ************************************************************************************************************* 
2017-02-10 09:54:13,614 INFO  [Log] $$$$$$$$$$$$$$$$$$$$$                 moltest.NewTest@506e6d5e       $$$$$$$$$$$$$$$$$$$$$$$$$ 
2017-02-10 09:54:13,614 INFO  [Log] ************************************************************************************************************* 
2017-02-10 09:54:13,630 INFO  [Log] ***** Getting Property value of uwurl from file src/main/java/config/molconfig.properties = http://www.google.com 
2017-02-10 09:54:40,815 INFO  [Log] ************************************************************************************************************* 
2017-02-10 09:54:40,815 INFO  [Log] $$$$$$$$$$$$$$$$$$$$$                 moltest.NewTest@506e6d5e       $$$$$$$$$$$$$$$$$$$$$$$$$ 
2017-02-10 09:54:40,815 INFO  [Log] ************************************************************************************************************* 
2017-02-10 09:54:40,815 INFO  [Log] ***** Getting Property value of uwurl from file src/main/java/config/molconfig.properties = http://www.google.com 
2017-02-10 09:54:49,136 INFO  [Log] ***** Getting Property value of Lsearchtextbox from file src/main/java/config/LoginPage.properties = id,lst-ib 
2017-02-10 09:54:49,136 INFO  [Log] ***** >>>id >>>lst-ib 
2017-02-10 09:54:49,140 INFO  [Log] ***** Inside login method , Navigating to Home page after login 
2017-02-10 09:54:49,141 INFO  [Log] ***** Getting Property value of Lclasscodesrch from file src/main/java/config/HomePage.properties = id,lst-ib 
2017-02-10 09:54:49,142 INFO  [Log] ***** >>>id >>>lst-ib 
2017-02-10 09:54:49,142 INFO  [Log] ***** Getting Property value of Lsigninbutton from file src/main/java/config/HomePage.properties = id,gb_70 
2017-02-10 09:54:49,142 INFO  [Log] ***** >>>id >>>gb_70 
2017-02-10 09:54:49,142 INFO  [Log] ***** Getting Property value of Lemail from file src/main/java/config/HomePage.properties = id,Email 
2017-02-10 09:54:49,142 INFO  [Log] ***** >>>id >>>Email 
2017-02-10 09:54:49,323 INFO  [Log] ***** Looked up Lsigninbutton by locator By.id: gb_70 
2017-02-10 09:54:50,795 INFO  [Log] ***** [[FirefoxDriver: firefox on WINDOWS (12ab67c8-fe6e-473f-9b20-f13ed6ecac8b)] -> id: gb_70] is Clicked from the WebElementImpl 
2017-02-10 09:54:50,817 INFO  [Log] ***** Looked up Lemail by locator By.id: Email 
2017-02-10 09:54:51,033 INFO  [Log] ***** Inside 
2017-02-10 09:54:51,128 INFO  [Log] ***** sendKeys performed on [[FirefoxDriver: firefox on WINDOWS (12ab67c8-fe6e-473f-9b20-f13ed6ecac8b)] -> id: Email] , sent '[Ljava.lang.CharSequence;@5ba3f27a' 
2017-02-10 09:54:51,129 INFO  [Log] XXXXXXXXXXXXXXXXXXXXXXX             -E---N---D-             XXXXXXXXXXXXXXXXXXXXXX 
2017-02-10 09:54:51,129 INFO  [Log] ************************************************************************************************************* 
2017-02-10 09:54:51,129 INFO  [Log] 


 
2017-02-10 09:55:37,565 INFO  [Log] ************************************************************************************************************* 
2017-02-10 09:55:37,565 INFO  [Log] $$$$$$$$$$$$$$$$$$$$$                 moltest.NewTest@506e6d5e       $$$$$$$$$$$$$$$$$$$$$$$$$ 
2017-02-10 09:55:37,565 INFO  [Log] ************************************************************************************************************* 
2017-02-10 09:55:37,565 INFO  [Log] ***** Getting Property value of uwurl from file src/main/java/config/molconfig.properties = http://www.google.com 
2017-02-10 09:57:49,601 INFO  [Log] ************************************************************************************************************* 
2017-02-10 09:57:49,601 INFO  [Log] $$$$$$$$$$$$$$$$$$$$$                 moltest.NewTest@3c0a50da       $$$$$$$$$$$$$$$$$$$$$$$$$ 
2017-02-10 09:57:49,601 INFO  [Log] ************************************************************************************************************* 
2017-02-10 09:57:49,601 INFO  [Log] ***** Getting Property value of uwurl from file src/main/java/config/molconfig.properties = http://www.google.com 
2017-02-10 10:00:05,677 INFO  [Log] ************************************************************************************************************* 
2017-02-10 10:00:05,677 INFO  [Log] $$$$$$$$$$$$$$$$$$$$$                 moltest.NewTest@506e6d5e       $$$$$$$$$$$$$$$$$$$$$$$$$ 
2017-02-10 10:00:05,677 INFO  [Log] ************************************************************************************************************* 
2017-02-10 10:00:05,677 INFO  [Log] ***** Getting Property value of uwurl from file src/main/java/config/molconfig.properties = http://www.google.com 
2017-02-10 10:06:56,045 INFO  [Log] ************************************************************************************************************* 
2017-02-10 10:06:56,046 INFO  [Log] $$$$$$$$$$$$$$$$$$$$$                 moltest.NewTest@506e6d5e       $$$$$$$$$$$$$$$$$$$$$$$$$ 
2017-02-10 10:06:56,046 INFO  [Log] ************************************************************************************************************* 
2017-02-10 10:06:56,049 INFO  [Log] ***** Getting Property value of uwurl from file src/main/java/config/molconfig.properties = http://www.google.com 
2017-02-10 10:07:05,590 INFO  [Log] ***** Getting Property value of Lsearchtextbox from file src/main/java/config/LoginPage.properties = id,lst-ib 
2017-02-10 10:07:05,590 INFO  [Log] ***** >>>id >>>lst-ib 
2017-02-10 10:07:05,594 INFO  [Log] ***** Inside login method , Navigating to Home page after login 
2017-02-10 10:07:05,595 INFO  [Log] ***** Getting Property value of Lclasscodesrch from file src/main/java/config/HomePage.properties = id,lst-ib 
2017-02-10 10:07:05,595 INFO  [Log] ***** >>>id >>>lst-ib 
2017-02-10 10:07:05,595 INFO  [Log] ***** Getting Property value of Lsigninbutton from file src/main/java/config/HomePage.properties = id,gb_70 
2017-02-10 10:07:05,595 INFO  [Log] ***** >>>id >>>gb_70 
2017-02-10 10:07:05,595 INFO  [Log] ***** Getting Property value of Lemail from file src/main/java/config/HomePage.properties = id,Email 
2017-02-10 10:07:05,595 INFO  [Log] ***** >>>id >>>Email 
2017-02-10 10:07:05,661 INFO  [Log] ***** Looked up Lsigninbutton by locator By.id: gb_70 
2017-02-10 10:07:05,774 INFO  [Log] ***** [[FirefoxDriver: firefox on WINDOWS (d6aec143-13bd-4802-bbc4-07b435036d4a)] -> id: gb_70] is Clicked from the WebElementImpl 
2017-02-10 10:07:07,050 INFO  [Log] ***** Looked up Lemail by locator By.id: Email 
2017-02-10 10:07:07,258 INFO  [Log] ***** Inside 
2017-02-10 10:07:07,345 INFO  [Log] ***** sendKeys performed on [[FirefoxDriver: firefox on WINDOWS (d6aec143-13bd-4802-bbc4-07b435036d4a)] -> id: Email] , sent '[Ljava.lang.CharSequence;@14a50707' 
2017-02-10 10:07:07,346 INFO  [Log] XXXXXXXXXXXXXXXXXXXXXXX             -E---N---D-             XXXXXXXXXXXXXXXXXXXXXX 
2017-02-10 10:07:07,346 INFO  [Log] ************************************************************************************************************* 
2017-02-10 10:07:07,346 INFO  [Log] 


 
2017-02-10 10:07:07,347 INFO  [Log] ***** Getting Property value of Lsearchtextbox from file src/main/java/config/LoginPage.properties = id,lst-ib 
2017-02-10 10:07:07,347 INFO  [Log] ***** >>>id >>>lst-ib 
2017-02-10 10:07:07,347 INFO  [Log] ***** Inside login method , Navigating to Home page after login 
2017-02-10 10:07:07,348 INFO  [Log] ***** Getting Property value of Lclasscodesrch from file src/main/java/config/HomePage.properties = id,lst-ib 
2017-02-10 10:07:07,348 INFO  [Log] ***** >>>id >>>lst-ib 
2017-02-10 10:07:07,348 INFO  [Log] ***** Getting Property value of Lsigninbutton from file src/main/java/config/HomePage.properties = id,gb_70 
2017-02-10 10:07:07,348 INFO  [Log] ***** >>>id >>>gb_70 
2017-02-10 10:07:07,348 INFO  [Log] ***** Getting Property value of Lemail from file src/main/java/config/HomePage.properties = id,Email 
2017-02-10 10:07:07,348 INFO  [Log] ***** >>>id >>>Email 
2017-02-10 10:07:37,752 INFO  [Log] XXXXXXXXXXXXXXXXXXXXXXX             -E---N---D-             XXXXXXXXXXXXXXXXXXXXXX 
2017-02-10 10:07:37,752 INFO  [Log] ************************************************************************************************************* 
2017-02-10 10:07:37,752 INFO  [Log] 


 
2017-02-10 10:07:37,752 INFO  [Log] ***** Getting Property value of Lsearchtextbox from file src/main/java/config/LoginPage.properties = id,lst-ib 
2017-02-10 10:07:37,752 INFO  [Log] ***** >>>id >>>lst-ib 
2017-02-10 10:07:37,752 INFO  [Log] ***** Inside login method , Navigating to Home page after login 
2017-02-10 10:07:37,752 INFO  [Log] ***** Getting Property value of Lclasscodesrch from file src/main/java/config/HomePage.properties = id,lst-ib 
2017-02-10 10:07:37,752 INFO  [Log] ***** >>>id >>>lst-ib 
2017-02-10 10:07:37,752 INFO  [Log] ***** Getting Property value of Lsigninbutton from file src/main/java/config/HomePage.properties = id,gb_70 
2017-02-10 10:07:37,752 INFO  [Log] ***** >>>id >>>gb_70 
2017-02-10 10:07:37,752 INFO  [Log] ***** Getting Property value of Lemail from file src/main/java/config/HomePage.properties = id,Email 
2017-02-10 10:07:37,752 INFO  [Log] ***** >>>id >>>Email 
2017-02-10 10:08:03,943 INFO  [Log] XXXXXXXXXXXXXXXXXXXXXXX             -E---N---D-             XXXXXXXXXXXXXXXXXXXXXX 
2017-02-10 10:08:03,943 INFO  [Log] ************************************************************************************************************* 
2017-02-10 10:08:03,943 INFO  [Log] 


 
2017-02-10 10:08:03,943 INFO  [Log] ***** Getting Property value of Lsearchtextbox from file src/main/java/config/LoginPage.properties = id,lst-ib 
2017-02-10 10:08:03,943 INFO  [Log] ***** >>>id >>>lst-ib 
2017-02-10 10:08:03,943 INFO  [Log] ***** Inside login method , Navigating to Home page after login 
2017-02-10 10:08:03,943 INFO  [Log] ***** Getting Property value of Lclasscodesrch from file src/main/java/config/HomePage.properties = id,lst-ib 
2017-02-10 10:08:03,943 INFO  [Log] ***** >>>id >>>lst-ib 
2017-02-10 10:08:03,943 INFO  [Log] ***** Getting Property value of Lsigninbutton from file src/main/java/config/HomePage.properties = id,gb_70 
2017-02-10 10:08:03,943 INFO  [Log] ***** >>>id >>>gb_70 
2017-02-10 10:08:03,943 INFO  [Log] ***** Getting Property value of Lemail from file src/main/java/config/HomePage.properties = id,Email 
2017-02-10 10:08:03,943 INFO  [Log] ***** >>>id >>>Email 
2017-02-10 10:08:04,725 INFO  [Log] ************************************************************************************************************* 
2017-02-10 10:08:04,725 INFO  [Log] $$$$$$$$$$$$$$$$$$$$$                 moltest.NewTest@506e6d5e       $$$$$$$$$$$$$$$$$$$$$$$$$ 
2017-02-10 10:08:04,725 INFO  [Log] ************************************************************************************************************* 
2017-02-10 10:08:04,725 INFO  [Log] ***** Getting Property value of uwurl from file src/main/java/config/molconfig.properties = http://www.google.com 
2017-02-10 10:08:04,975 INFO  [Log] XXXXXXXXXXXXXXXXXXXXXXX             -E---N---D-             XXXXXXXXXXXXXXXXXXXXXX 
2017-02-10 10:08:04,975 INFO  [Log] ************************************************************************************************************* 
2017-02-10 10:08:04,975 INFO  [Log] 


 
2017-02-10 10:08:14,424 INFO  [Log] ***** Getting Property value of Lsearchtextbox from file src/main/java/config/LoginPage.properties = id,lst-ib 
2017-02-10 10:08:14,424 INFO  [Log] ***** >>>id >>>lst-ib 
2017-02-10 10:08:14,428 INFO  [Log] ***** Inside login method , Navigating to Home page after login 
2017-02-10 10:08:14,429 INFO  [Log] ***** Getting Property value of Lclasscodesrch from file src/main/java/config/HomePage.properties = id,lst-ib 
2017-02-10 10:08:14,429 INFO  [Log] ***** >>>id >>>lst-ib 
2017-02-10 10:08:14,429 INFO  [Log] ***** Getting Property value of Lsigninbutton from file src/main/java/config/HomePage.properties = id,gb_70 
2017-02-10 10:08:14,429 INFO  [Log] ***** >>>id >>>gb_70 
2017-02-10 10:08:14,429 INFO  [Log] ***** Getting Property value of Lemail from file src/main/java/config/HomePage.properties = id,Email 
2017-02-10 10:08:14,429 INFO  [Log] ***** >>>id >>>Email 
2017-02-10 10:08:14,496 INFO  [Log] ***** Looked up Lsigninbutton by locator By.id: gb_70 
2017-02-10 10:08:14,605 INFO  [Log] ***** [[FirefoxDriver: firefox on WINDOWS (daa59abc-65ae-450b-b73b-76283a79eebb)] -> id: gb_70] is Clicked from the WebElementImpl 
2017-02-10 10:08:15,964 INFO  [Log] ***** Looked up Lemail by locator By.id: Email 
2017-02-10 10:08:16,215 INFO  [Log] ***** Inside 
2017-02-10 10:08:16,307 INFO  [Log] ***** sendKeys performed on [[FirefoxDriver: firefox on WINDOWS (daa59abc-65ae-450b-b73b-76283a79eebb)] -> id: Email] , sent '[Ljava.lang.CharSequence;@14a50707' 
2017-02-10 10:08:16,307 INFO  [Log] XXXXXXXXXXXXXXXXXXXXXXX             -E---N---D-             XXXXXXXXXXXXXXXXXXXXXX 
2017-02-10 10:08:16,307 INFO  [Log] ************************************************************************************************************* 
2017-02-10 10:08:16,307 INFO  [Log] 


 
2017-02-10 10:08:16,308 INFO  [Log] ***** Getting Property value of Lsearchtextbox from file src/main/java/config/LoginPage.properties = id,lst-ib 
2017-02-10 10:08:16,308 INFO  [Log] ***** >>>id >>>lst-ib 
2017-02-10 10:08:16,308 INFO  [Log] ***** Inside login method , Navigating to Home page after login 
2017-02-10 10:08:16,308 INFO  [Log] ***** Getting Property value of Lclasscodesrch from file src/main/java/config/HomePage.properties = id,lst-ib 
2017-02-10 10:08:16,308 INFO  [Log] ***** >>>id >>>lst-ib 
2017-02-10 10:08:16,308 INFO  [Log] ***** Getting Property value of Lsigninbutton from file src/main/java/config/HomePage.properties = id,gb_70 
2017-02-10 10:08:16,308 INFO  [Log] ***** >>>id >>>gb_70 
2017-02-10 10:08:16,309 INFO  [Log] ***** Getting Property value of Lemail from file src/main/java/config/HomePage.properties = id,Email 
2017-02-10 10:08:16,309 INFO  [Log] ***** >>>id >>>Email 
2017-02-10 10:08:30,251 INFO  [Log] XXXXXXXXXXXXXXXXXXXXXXX             -E---N---D-             XXXXXXXXXXXXXXXXXXXXXX 
2017-02-10 10:08:30,251 INFO  [Log] ************************************************************************************************************* 
2017-02-10 10:08:30,251 INFO  [Log] 


 
2017-02-10 10:08:30,251 INFO  [Log] ***** Getting Property value of Lsearchtextbox from file src/main/java/config/LoginPage.properties = id,lst-ib 
2017-02-10 10:08:30,251 INFO  [Log] ***** >>>id >>>lst-ib 
2017-02-10 10:08:30,251 INFO  [Log] ***** Inside login method , Navigating to Home page after login 
2017-02-10 10:08:30,251 INFO  [Log] ***** Getting Property value of Lclasscodesrch from file src/main/java/config/HomePage.properties = id,lst-ib 
2017-02-10 10:08:30,251 INFO  [Log] ***** >>>id >>>lst-ib 
2017-02-10 10:08:30,251 INFO  [Log] ***** Getting Property value of Lsigninbutton from file src/main/java/config/HomePage.properties = id,gb_70 
2017-02-10 10:08:30,251 INFO  [Log] ***** >>>id >>>gb_70 
2017-02-10 10:08:30,251 INFO  [Log] ***** Getting Property value of Lemail from file src/main/java/config/HomePage.properties = id,Email 
2017-02-10 10:08:30,251 INFO  [Log] ***** >>>id >>>Email 
2017-02-10 10:08:31,267 INFO  [Log] XXXXXXXXXXXXXXXXXXXXXXX             -E---N---D-             XXXXXXXXXXXXXXXXXXXXXX 
2017-02-10 10:08:31,267 INFO  [Log] ************************************************************************************************************* 
2017-02-10 10:08:31,267 INFO  [Log] 


 
2017-02-10 10:08:31,267 INFO  [Log] ***** Getting Property value of Lsearchtextbox from file src/main/java/config/LoginPage.properties = id,lst-ib 
2017-02-10 10:08:31,267 INFO  [Log] ***** >>>id >>>lst-ib 
2017-02-10 10:08:31,267 INFO  [Log] ***** Inside login method , Navigating to Home page after login 
2017-02-10 10:08:31,267 INFO  [Log] ***** Getting Property value of Lclasscodesrch from file src/main/java/config/HomePage.properties = id,lst-ib 
2017-02-10 10:08:31,267 INFO  [Log] ***** >>>id >>>lst-ib 
2017-02-10 10:08:31,267 INFO  [Log] ***** Getting Property value of Lsigninbutton from file src/main/java/config/HomePage.properties = id,gb_70 
2017-02-10 10:08:31,267 INFO  [Log] ***** >>>id >>>gb_70 
2017-02-10 10:08:31,267 INFO  [Log] ***** Getting Property value of Lemail from file src/main/java/config/HomePage.properties = id,Email 
2017-02-10 10:08:31,267 INFO  [Log] ***** >>>id >>>Email 
2017-02-10 10:08:32,314 INFO  [Log] XXXXXXXXXXXXXXXXXXXXXXX             -E---N---D-             XXXXXXXXXXXXXXXXXXXXXX 
2017-02-10 10:08:32,314 INFO  [Log] ************************************************************************************************************* 
2017-02-10 10:08:32,314 INFO  [Log] 


 
2017-02-10 10:10:19,427 INFO  [Log] ************************************************************************************************************* 
2017-02-10 10:10:19,427 INFO  [Log] $$$$$$$$$$$$$$$$$$$$$                 moltest.NewTest@6108b2d7       $$$$$$$$$$$$$$$$$$$$$$$$$ 
2017-02-10 10:10:19,427 INFO  [Log] ************************************************************************************************************* 
2017-02-10 10:10:19,427 INFO  [Log] ***** Getting Property value of uwurl from file src/main/java/config/molconfig.properties = http://www.google.com 
2017-02-10 10:10:28,207 INFO  [Log] ***** Getting Property value of Lsearchtextbox from file src/main/java/config/LoginPage.properties = id,lst-ib 
2017-02-10 10:10:28,207 INFO  [Log] ***** >>>id >>>lst-ib 
2017-02-10 10:10:28,210 INFO  [Log] ***** Inside login method , Navigating to Home page after login 
2017-02-10 10:10:28,211 INFO  [Log] ***** Getting Property value of Lclasscodesrch from file src/main/java/config/HomePage.properties = id,lst-ib 
2017-02-10 10:10:28,211 INFO  [Log] ***** >>>id >>>lst-ib 
2017-02-10 10:10:28,211 INFO  [Log] ***** Getting Property value of Lsigninbutton from file src/main/java/config/HomePage.properties = id,gb_70 
2017-02-10 10:10:28,211 INFO  [Log] ***** >>>id >>>gb_70 
2017-02-10 10:10:28,211 INFO  [Log] ***** Getting Property value of Lemail from file src/main/java/config/HomePage.properties = id,Email 
2017-02-10 10:10:28,211 INFO  [Log] ***** >>>id >>>Email 
2017-02-10 10:10:28,277 INFO  [Log] ***** Looked up Lsigninbutton by locator By.id: gb_70 
2017-02-10 10:10:29,601 INFO  [Log] ***** [[FirefoxDriver: firefox on WINDOWS (3476b06c-3d63-4edf-9ba1-5f344a58f9b7)] -> id: gb_70] is Clicked from the WebElementImpl 
2017-02-10 10:10:29,628 INFO  [Log] ***** Looked up Lemail by locator By.id: Email 
2017-02-10 10:10:29,824 INFO  [Log] ***** Inside 
2017-02-10 10:10:29,896 INFO  [Log] ***** sendKeys performed on [[FirefoxDriver: firefox on WINDOWS (3476b06c-3d63-4edf-9ba1-5f344a58f9b7)] -> id: Email] , sent '[Ljava.lang.CharSequence;@2fba3fc4' 
2017-02-10 10:10:29,898 INFO  [Log] XXXXXXXXXXXXXXXXXXXXXXX             -E---N---D-             XXXXXXXXXXXXXXXXXXXXXX 
2017-02-10 10:10:29,898 INFO  [Log] ************************************************************************************************************* 
2017-02-10 10:10:29,898 INFO  [Log] 


 
2017-02-10 10:10:29,899 INFO  [Log] ***** Getting Property value of Lsearchtextbox from file src/main/java/config/LoginPage.properties = id,lst-ib 
2017-02-10 10:10:29,899 INFO  [Log] ***** >>>id >>>lst-ib 
2017-02-10 10:10:29,899 INFO  [Log] ***** Inside login method , Navigating to Home page after login 
2017-02-10 10:10:29,899 INFO  [Log] ***** Getting Property value of Lclasscodesrch from file src/main/java/config/HomePage.properties = id,lst-ib 
2017-02-10 10:10:29,899 INFO  [Log] ***** >>>id >>>lst-ib 
2017-02-10 10:10:29,899 INFO  [Log] ***** Getting Property value of Lsigninbutton from file src/main/java/config/HomePage.properties = id,gb_70 
2017-02-10 10:10:29,899 INFO  [Log] ***** >>>id >>>gb_70 
2017-02-10 10:10:29,899 INFO  [Log] ***** Getting Property value of Lemail from file src/main/java/config/HomePage.properties = id,Email 
2017-02-10 10:10:29,899 INFO  [Log] ***** >>>id >>>Email 
2017-02-10 10:11:00,300 ERROR [Log] ***** Error f test has failed ***** 
2017-02-10 10:11:00,488 INFO  [Log] ***** ***Placed screen shot in C:\tests\testclass *** 
2017-02-10 10:11:00,503 INFO  [Log] XXXXXXXXXXXXXXXXXXXXXXX             -E---N---D-             XXXXXXXXXXXXXXXXXXXXXX 
2017-02-10 10:11:00,503 INFO  [Log] ************************************************************************************************************* 
2017-02-10 10:11:00,503 INFO  [Log] 


 
2017-02-10 10:11:00,503 INFO  [Log] ***** Getting Property value of Lsearchtextbox from file src/main/java/config/LoginPage.properties = id,lst-ib 
2017-02-10 10:11:00,503 INFO  [Log] ***** >>>id >>>lst-ib 
2017-02-10 10:11:00,503 INFO  [Log] ***** Inside login method , Navigating to Home page after login 
2017-02-10 10:11:00,503 INFO  [Log] ***** Getting Property value of Lclasscodesrch from file src/main/java/config/HomePage.properties = id,lst-ib 
2017-02-10 10:11:00,503 INFO  [Log] ***** >>>id >>>lst-ib 
2017-02-10 10:11:00,503 INFO  [Log] ***** Getting Property value of Lsigninbutton from file src/main/java/config/HomePage.properties = id,gb_70 
2017-02-10 10:11:00,503 INFO  [Log] ***** >>>id >>>gb_70 
2017-02-10 10:11:00,503 INFO  [Log] ***** Getting Property value of Lemail from file src/main/java/config/HomePage.properties = id,Email 
2017-02-10 10:11:00,503 INFO  [Log] ***** >>>id >>>Email 
2017-02-10 10:11:30,615 ERROR [Log] ***** Error f test has failed ***** 
2017-02-10 10:11:30,693 INFO  [Log] ***** ***Placed screen shot in C:\tests\testclass *** 
2017-02-10 10:11:30,693 INFO  [Log] XXXXXXXXXXXXXXXXXXXXXXX             -E---N---D-             XXXXXXXXXXXXXXXXXXXXXX 
2017-02-10 10:11:30,693 INFO  [Log] ************************************************************************************************************* 
2017-02-10 10:11:30,693 INFO  [Log] 


 
2017-02-10 10:11:30,693 INFO  [Log] ***** Getting Property value of Lsearchtextbox from file src/main/java/config/LoginPage.properties = id,lst-ib 
2017-02-10 10:11:30,693 INFO  [Log] ***** >>>id >>>lst-ib 
2017-02-10 10:11:30,693 INFO  [Log] ***** Inside login method , Navigating to Home page after login 
2017-02-10 10:11:30,693 INFO  [Log] ***** Getting Property value of Lclasscodesrch from file src/main/java/config/HomePage.properties = id,lst-ib 
2017-02-10 10:11:30,693 INFO  [Log] ***** >>>id >>>lst-ib 
2017-02-10 10:11:30,693 INFO  [Log] ***** Getting Property value of Lsigninbutton from file src/main/java/config/HomePage.properties = id,gb_70 
2017-02-10 10:11:30,693 INFO  [Log] ***** >>>id >>>gb_70 
2017-02-10 10:11:30,693 INFO  [Log] ***** Getting Property value of Lemail from file src/main/java/config/HomePage.properties = id,Email 
2017-02-10 10:11:30,693 INFO  [Log] ***** >>>id >>>Email 
2017-02-10 10:11:44,705 ERROR [Log] ***** Error f test has failed ***** 
2017-02-10 10:11:45,736 ERROR [Log] ***** Error f test has failed ***** 
2017-02-10 10:11:54,529 INFO  [Log] ************************************************************************************************************* 
2017-02-10 10:11:54,529 INFO  [Log] $$$$$$$$$$$$$$$$$$$$$                 moltest.NewTest@7f690630       $$$$$$$$$$$$$$$$$$$$$$$$$ 
2017-02-10 10:11:54,529 INFO  [Log] ************************************************************************************************************* 
2017-02-10 10:11:54,529 INFO  [Log] ***** Getting Property value of uwurl from file src/main/java/config/molconfig.properties = http://www.google.com 
2017-02-10 10:12:03,866 INFO  [Log] ***** Getting Property value of Lsearchtextbox from file src/main/java/config/LoginPage.properties = id,lst-ib 
2017-02-10 10:12:03,866 INFO  [Log] ***** >>>id >>>lst-ib 
2017-02-10 10:12:03,869 INFO  [Log] ***** Inside login method , Navigating to Home page after login 
2017-02-10 10:12:03,870 INFO  [Log] ***** Getting Property value of Lclasscodesrch from file src/main/java/config/HomePage.properties = id,lst-ib 
2017-02-10 10:12:03,870 INFO  [Log] ***** >>>id >>>lst-ib 
2017-02-10 10:12:03,870 INFO  [Log] ***** Getting Property value of Lsigninbutton from file src/main/java/config/HomePage.properties = id,gb_70 
2017-02-10 10:12:03,870 INFO  [Log] ***** >>>id >>>gb_70 
2017-02-10 10:12:03,870 INFO  [Log] ***** Getting Property value of Lemail from file src/main/java/config/HomePage.properties = id,Email 
2017-02-10 10:12:03,871 INFO  [Log] ***** >>>id >>>Email 
2017-02-10 10:12:03,934 INFO  [Log] ***** Looked up Lsigninbutton by locator By.id: gb_70 
2017-02-10 10:12:04,043 INFO  [Log] ***** [[FirefoxDriver: firefox on WINDOWS (6dc5e6d7-a8e0-47de-85bf-05ba394780bb)] -> id: gb_70] is Clicked from the WebElementImpl 
2017-02-10 10:12:05,491 INFO  [Log] ***** Looked up Lemail by locator By.id: Email 
2017-02-10 10:12:05,702 INFO  [Log] ***** Inside 
2017-02-10 10:12:05,814 INFO  [Log] ***** sendKeys performed on [[FirefoxDriver: firefox on WINDOWS (6dc5e6d7-a8e0-47de-85bf-05ba394780bb)] -> id: Email] , sent '[Ljava.lang.CharSequence;@2b72cb8a' 
2017-02-10 10:12:05,815 INFO  [Log] XXXXXXXXXXXXXXXXXXXXXXX             -E---N---D-             XXXXXXXXXXXXXXXXXXXXXX 
2017-02-10 10:12:05,816 INFO  [Log] ************************************************************************************************************* 
2017-02-10 10:12:05,816 INFO  [Log] 


 
2017-02-10 10:12:05,827 INFO  [Log] ***** Getting Property value of Lsearchtextbox from file src/main/java/config/LoginPage.properties = id,lst-ib 
2017-02-10 10:12:05,827 INFO  [Log] ***** >>>id >>>lst-ib 
2017-02-10 10:12:05,827 INFO  [Log] ***** Inside login method , Navigating to Home page after login 
2017-02-10 10:12:05,827 INFO  [Log] ***** Getting Property value of Lclasscodesrch from file src/main/java/config/HomePage.properties = id,lst-ib 
2017-02-10 10:12:05,827 INFO  [Log] ***** >>>id >>>lst-ib 
2017-02-10 10:12:05,827 INFO  [Log] ***** Getting Property value of Lsigninbutton from file src/main/java/config/HomePage.properties = id,gb_70 
2017-02-10 10:12:05,827 INFO  [Log] ***** >>>id >>>gb_70 
2017-02-10 10:12:05,827 INFO  [Log] ***** Getting Property value of Lemail from file src/main/java/config/HomePage.properties = id,Email 
2017-02-10 10:12:05,828 INFO  [Log] ***** >>>id >>>Email 
2017-02-10 10:12:08,078 ERROR [Log] ***** Error f test has failed ***** 
2017-02-10 10:12:09,094 ERROR [Log] ***** Error f test has failed ***** 
